异常时间：2020-12-15 15:41:31,547 [41] 
异常级别：ERROR 
异 常  类：logerror [(null)] 
描      述：An error occurred while executing the command definition. See the inner exception for details. 
---------------------------- 
System.Data.Entity.Core.EntityCommandExecutionException: An error occurred while executing the command definition. See the inner exception for details. ---> System.Data.SqlClient.SqlException: 执行超时已过期。完成操作之前已超时或服务器未响应。  ---> System.ComponentModel.Win32Exception: 等待的操作过时。
   --- 内部异常堆栈跟踪的结尾 ---
   在 System.Data.SqlClient.SqlConnection.OnError(SqlException exception, Boolean breakConnection, Action`1 wrapCloseInAction)
   在 System.Data.SqlClient.SqlInternalConnection.OnError(SqlException exception, Boolean breakConnection, Action`1 wrapCloseInAction)
   在 System.Data.SqlClient.TdsParser.ThrowExceptionAndWarning(TdsParserStateObject stateObj, Boolean callerHasConnectionLock, Boolean asyncClose)
   在 System.Data.SqlClient.TdsParser.TryRun(RunBehavior runBehavior, SqlCommand cmdHandler, SqlDataReader dataStream, BulkCopySimpleResultSet bulkCopyHandler, TdsParserStateObject stateObj, Boolean& dataReady)
   在 System.Data.SqlClient.SqlDataReader.TryConsumeMetaData()
   在 System.Data.SqlClient.SqlDataReader.get_MetaData()
   在 System.Data.SqlClient.SqlCommand.FinishExecuteReader(SqlDataReader ds, RunBehavior runBehavior, String resetOptionsString, Boolean isInternal, Boolean forDescribeParameterEncryption, Boolean shouldCacheForAlwaysEncrypted)
   在 System.Data.SqlClient.SqlCommand.RunExecuteReaderTds(CommandBehavior cmdBehavior, RunBehavior runBehavior, Boolean returnStream, Boolean async, Int32 timeout, Task& task, Boolean asyncWrite, Boolean inRetry, SqlDataReader ds, Boolean describeParameterEncryptionRequest)
   在 System.Data.SqlClient.SqlCommand.RunExecuteReader(CommandBehavior cmdBehavior, RunBehavior runBehavior, Boolean returnStream, String method, TaskCompletionSource`1 completion, Int32 timeout, Task& task, Boolean& usedCache, Boolean asyncWrite, Boolean inRetry)
   在 System.Data.SqlClient.SqlCommand.RunExecuteReader(CommandBehavior cmdBehavior, RunBehavior runBehavior, Boolean returnStream, String method)
   在 System.Data.SqlClient.SqlCommand.ExecuteReader(CommandBehavior behavior, String method)
   在 System.Data.SqlClient.SqlCommand.ExecuteDbDataReader(CommandBehavior behavior)
   在 System.Data.Common.DbCommand.ExecuteReader(CommandBehavior behavior)
   在 System.Data.Entity.Infrastructure.Interception.DbCommandDispatcher.<Reader>b__c(DbCommand t, DbCommandInterceptionContext`1 c)
   在 System.Data.Entity.Infrastructure.Interception.InternalDispatcher`1.Dispatch[TTarget,TInterceptionContext,TResult](TTarget target, Func`3 operation, TInterceptionContext interceptionContext, Action`3 executing, Action`3 executed)
   在 System.Data.Entity.Infrastructure.Interception.DbCommandDispatcher.Reader(DbCommand command, DbCommandInterceptionContext interceptionContext)
   在 System.Data.Entity.Internal.InterceptableDbCommand.ExecuteDbDataReader(CommandBehavior behavior)
   在 System.Data.Common.DbCommand.ExecuteReader(CommandBehavior behavior)
   在 System.Data.Entity.Core.EntityClient.Internal.EntityCommandDefinition.ExecuteStoreCommands(EntityCommand entityCommand, CommandBehavior behavior)
   --- 内部异常堆栈跟踪的结尾 ---
   在 System.Data.Entity.Core.EntityClient.Internal.EntityCommandDefinition.ExecuteStoreCommands(EntityCommand entityCommand, CommandBehavior behavior)
   在 System.Data.Entity.Core.Objects.Internal.ObjectQueryExecutionPlan.Execute[TResultType](ObjectContext context, ObjectParameterCollection parameterValues)
   在 System.Data.Entity.Core.Objects.ObjectQuery`1.<>c__DisplayClass7.<GetResults>b__6()
   在 System.Data.Entity.Core.Objects.ObjectContext.ExecuteInTransaction[T](Func`1 func, IDbExecutionStrategy executionStrategy, Boolean startLocalTransaction, Boolean releaseConnectionOnSuccess)
   在 System.Data.Entity.Core.Objects.ObjectQuery`1.<>c__DisplayClass7.<GetResults>b__5()
   在 System.Data.Entity.SqlServer.DefaultSqlExecutionStrategy.Execute[TResult](Func`1 operation)
   在 System.Data.Entity.Core.Objects.ObjectQuery`1.GetResults(Nullable`1 forMergeOption)
   在 System.Data.Entity.Core.Objects.ObjectQuery`1.<System.Collections.Generic.IEnumerable<T>.GetEnumerator>b__0()
   在 System.Data.Entity.Internal.LazyEnumerator`1.MoveNext()
   在 System.Collections.Generic.List`1..ctor(IEnumerable`1 collection)
   在 System.Linq.Enumerable.ToList[TSource](IEnumerable`1 source)
   在 PagedList.PagedList`1..ctor(IQueryable`1 superset, Int32 pageNumber, Int32 pageSize)
   在 PagedList.PagedListExtensions.ToPagedList[T](IQueryable`1 superset, Int32 pageNumber, Int32 pageSize)
   在 Api.Admin.Controllers.ReportController.GetPageReport(Int32 pageIndex) 位置 D:\Codes\SXD_Admin\Api\Api.Admin\Controllers\ReportController.cs:行号 84
异常时间：2020-12-15 16:29:07,411 [47] 
异常级别：ERROR 
异 常  类：logerror [(null)] 
描      述：LINQ to Entities does not recognize the method 'System.String ConvetCategory(System.Nullable`1[System.Guid])' method, and this method cannot be translated into a store expression. 
---------------------------- 
System.NotSupportedException: LINQ to Entities does not recognize the method 'System.String ConvetCategory(System.Nullable`1[System.Guid])' method, and this method cannot be translated into a store expression.
   在 System.Data.Entity.Core.Objects.ELinq.ExpressionConverter.MethodCallTranslator.DefaultTranslator.Translate(ExpressionConverter parent, MethodCallExpression call)
   在 System.Data.Entity.Core.Objects.ELinq.ExpressionConverter.MethodCallTranslator.TypedTranslate(ExpressionConverter parent, MethodCallExpression linq)
   在 System.Data.Entity.Core.Objects.ELinq.ExpressionConverter.TypedTranslator`1.Translate(ExpressionConverter parent, Expression linq)
   在 System.Data.Entity.Core.Objects.ELinq.ExpressionConverter.TranslateExpression(Expression linq)
   在 System.Data.Entity.Core.Objects.ELinq.ExpressionConverter.NewTranslator.TypedTranslate(ExpressionConverter parent, NewExpression linq)
   在 System.Data.Entity.Core.Objects.ELinq.ExpressionConverter.TypedTranslator`1.Translate(ExpressionConverter parent, Expression linq)
   在 System.Data.Entity.Core.Objects.ELinq.ExpressionConverter.TranslateExpression(Expression linq)
   在 System.Data.Entity.Core.Objects.ELinq.ExpressionConverter.TranslateLambda(LambdaExpression lambda, DbExpression input)
   在 System.Data.Entity.Core.Objects.ELinq.ExpressionConverter.TranslateLambda(LambdaExpression lambda, DbExpression input, DbExpressionBinding& binding)
   在 System.Data.Entity.Core.Objects.ELinq.ExpressionConverter.MethodCallTranslator.OneLambdaTranslator.Translate(ExpressionConverter parent, MethodCallExpression call, DbExpression& source, DbExpressionBinding& sourceBinding, DbExpression& lambda)
   在 System.Data.Entity.Core.Objects.ELinq.ExpressionConverter.MethodCallTranslator.SelectTranslator.Translate(ExpressionConverter parent, MethodCallExpression call)
   在 System.Data.Entity.Core.Objects.ELinq.ExpressionConverter.MethodCallTranslator.SequenceMethodTranslator.Translate(ExpressionConverter parent, MethodCallExpression call, SequenceMethod sequenceMethod)
   在 System.Data.Entity.Core.Objects.ELinq.ExpressionConverter.MethodCallTranslator.TypedTranslate(ExpressionConverter parent, MethodCallExpression linq)
   在 System.Data.Entity.Core.Objects.ELinq.ExpressionConverter.TypedTranslator`1.Translate(ExpressionConverter parent, Expression linq)
   在 System.Data.Entity.Core.Objects.ELinq.ExpressionConverter.TranslateExpression(Expression linq)
   在 System.Data.Entity.Core.Objects.ELinq.ExpressionConverter.MethodCallTranslator.AggregateTranslator.Translate(ExpressionConverter parent, MethodCallExpression call)
   在 System.Data.Entity.Core.Objects.ELinq.ExpressionConverter.MethodCallTranslator.SequenceMethodTranslator.Translate(ExpressionConverter parent, MethodCallExpression call, SequenceMethod sequenceMethod)
   在 System.Data.Entity.Core.Objects.ELinq.ExpressionConverter.MethodCallTranslator.TypedTranslate(ExpressionConverter parent, MethodCallExpression linq)
   在 System.Data.Entity.Core.Objects.ELinq.ExpressionConverter.TypedTranslator`1.Translate(ExpressionConverter parent, Expression linq)
   在 System.Data.Entity.Core.Objects.ELinq.ExpressionConverter.TranslateExpression(Expression linq)
   在 System.Data.Entity.Core.Objects.ELinq.ExpressionConverter.Convert()
   在 System.Data.Entity.Core.Objects.ELinq.ELinqQueryState.GetExecutionPlan(Nullable`1 forMergeOption)
   在 System.Data.Entity.Core.Objects.ObjectQuery`1.<>c__DisplayClass7.<GetResults>b__6()
   在 System.Data.Entity.Core.Objects.ObjectContext.ExecuteInTransaction[T](Func`1 func, IDbExecutionStrategy executionStrategy, Boolean startLocalTransaction, Boolean releaseConnectionOnSuccess)
   在 System.Data.Entity.Core.Objects.ObjectQuery`1.<>c__DisplayClass7.<GetResults>b__5()
   在 System.Data.Entity.SqlServer.DefaultSqlExecutionStrategy.Execute[TResult](Func`1 operation)
   在 System.Data.Entity.Core.Objects.ObjectQuery`1.GetResults(Nullable`1 forMergeOption)
   在 System.Data.Entity.Core.Objects.ObjectQuery`1.<System.Collections.Generic.IEnumerable<T>.GetEnumerator>b__0()
   在 System.Data.Entity.Internal.LazyEnumerator`1.MoveNext()
   在 System.Linq.Enumerable.Single[TSource](IEnumerable`1 source)
   在 System.Data.Entity.Core.Objects.ELinq.ObjectQueryProvider.<GetElementFunction>b__3[TResult](IEnumerable`1 sequence)
   在 System.Data.Entity.Core.Objects.ELinq.ObjectQueryProvider.ExecuteSingle[TResult](IEnumerable`1 query, Expression queryRoot)
   在 System.Data.Entity.Core.Objects.ELinq.ObjectQueryProvider.System.Linq.IQueryProvider.Execute[TResult](Expression expression)
   在 System.Data.Entity.Internal.Linq.DbQueryProvider.Execute[TResult](Expression expression)
   在 System.Linq.Queryable.Count[TSource](IQueryable`1 source)
   在 PagedList.PagedList`1..ctor(IQueryable`1 superset, Int32 pageNumber, Int32 pageSize)
   在 PagedList.PagedListExtensions.ToPagedList[T](IQueryable`1 superset, Int32 pageNumber, Int32 pageSize)
   在 Api.Admin.Controllers.ReportController.GetPageReport(Int32 pageIndex) 位置 D:\Codes\SXD_Admin\Api\Api.Admin\Controllers\ReportController.cs:行号 84
异常时间：2020-12-15 16:34:15,752 [53] 
异常级别：ERROR 
异 常  类：logerror [(null)] 
描      述：LINQ to Entities does not recognize the method 'System.String ConvetCategory(System.Nullable`1[System.Guid])' method, and this method cannot be translated into a store expression. 
---------------------------- 
System.NotSupportedException: LINQ to Entities does not recognize the method 'System.String ConvetCategory(System.Nullable`1[System.Guid])' method, and this method cannot be translated into a store expression.
   在 System.Data.Entity.Core.Objects.ELinq.ExpressionConverter.MethodCallTranslator.DefaultTranslator.Translate(ExpressionConverter parent, MethodCallExpression call)
   在 System.Data.Entity.Core.Objects.ELinq.ExpressionConverter.MethodCallTranslator.TypedTranslate(ExpressionConverter parent, MethodCallExpression linq)
   在 System.Data.Entity.Core.Objects.ELinq.ExpressionConverter.TypedTranslator`1.Translate(ExpressionConverter parent, Expression linq)
   在 System.Data.Entity.Core.Objects.ELinq.ExpressionConverter.TranslateExpression(Expression linq)
   在 System.Data.Entity.Core.Objects.ELinq.ExpressionConverter.NewTranslator.TypedTranslate(ExpressionConverter parent, NewExpression linq)
   在 System.Data.Entity.Core.Objects.ELinq.ExpressionConverter.TypedTranslator`1.Translate(ExpressionConverter parent, Expression linq)
   在 System.Data.Entity.Core.Objects.ELinq.ExpressionConverter.TranslateExpression(Expression linq)
   在 System.Data.Entity.Core.Objects.ELinq.ExpressionConverter.TranslateLambda(LambdaExpression lambda, DbExpression input)
   在 System.Data.Entity.Core.Objects.ELinq.ExpressionConverter.TranslateLambda(LambdaExpression lambda, DbExpression input, DbExpressionBinding& binding)
   在 System.Data.Entity.Core.Objects.ELinq.ExpressionConverter.MethodCallTranslator.OneLambdaTranslator.Translate(ExpressionConverter parent, MethodCallExpression call, DbExpression& source, DbExpressionBinding& sourceBinding, DbExpression& lambda)
   在 System.Data.Entity.Core.Objects.ELinq.ExpressionConverter.MethodCallTranslator.SelectTranslator.Translate(ExpressionConverter parent, MethodCallExpression call)
   在 System.Data.Entity.Core.Objects.ELinq.ExpressionConverter.MethodCallTranslator.SequenceMethodTranslator.Translate(ExpressionConverter parent, MethodCallExpression call, SequenceMethod sequenceMethod)
   在 System.Data.Entity.Core.Objects.ELinq.ExpressionConverter.MethodCallTranslator.TypedTranslate(ExpressionConverter parent, MethodCallExpression linq)
   在 System.Data.Entity.Core.Objects.ELinq.ExpressionConverter.TypedTranslator`1.Translate(ExpressionConverter parent, Expression linq)
   在 System.Data.Entity.Core.Objects.ELinq.ExpressionConverter.TranslateExpression(Expression linq)
   在 System.Data.Entity.Core.Objects.ELinq.ExpressionConverter.MethodCallTranslator.AggregateTranslator.Translate(ExpressionConverter parent, MethodCallExpression call)
   在 System.Data.Entity.Core.Objects.ELinq.ExpressionConverter.MethodCallTranslator.SequenceMethodTranslator.Translate(ExpressionConverter parent, MethodCallExpression call, SequenceMethod sequenceMethod)
   在 System.Data.Entity.Core.Objects.ELinq.ExpressionConverter.MethodCallTranslator.TypedTranslate(ExpressionConverter parent, MethodCallExpression linq)
   在 System.Data.Entity.Core.Objects.ELinq.ExpressionConverter.TypedTranslator`1.Translate(ExpressionConverter parent, Expression linq)
   在 System.Data.Entity.Core.Objects.ELinq.ExpressionConverter.TranslateExpression(Expression linq)
   在 System.Data.Entity.Core.Objects.ELinq.ExpressionConverter.Convert()
   在 System.Data.Entity.Core.Objects.ELinq.ELinqQueryState.GetExecutionPlan(Nullable`1 forMergeOption)
   在 System.Data.Entity.Core.Objects.ObjectQuery`1.<>c__DisplayClass7.<GetResults>b__6()
   在 System.Data.Entity.Core.Objects.ObjectContext.ExecuteInTransaction[T](Func`1 func, IDbExecutionStrategy executionStrategy, Boolean startLocalTransaction, Boolean releaseConnectionOnSuccess)
   在 System.Data.Entity.Core.Objects.ObjectQuery`1.<>c__DisplayClass7.<GetResults>b__5()
   在 System.Data.Entity.SqlServer.DefaultSqlExecutionStrategy.Execute[TResult](Func`1 operation)
   在 System.Data.Entity.Core.Objects.ObjectQuery`1.GetResults(Nullable`1 forMergeOption)
   在 System.Data.Entity.Core.Objects.ObjectQuery`1.<System.Collections.Generic.IEnumerable<T>.GetEnumerator>b__0()
   在 System.Data.Entity.Internal.LazyEnumerator`1.MoveNext()
   在 System.Linq.Enumerable.Single[TSource](IEnumerable`1 source)
   在 System.Data.Entity.Core.Objects.ELinq.ObjectQueryProvider.<GetElementFunction>b__3[TResult](IEnumerable`1 sequence)
   在 System.Data.Entity.Core.Objects.ELinq.ObjectQueryProvider.ExecuteSingle[TResult](IEnumerable`1 query, Expression queryRoot)
   在 System.Data.Entity.Core.Objects.ELinq.ObjectQueryProvider.System.Linq.IQueryProvider.Execute[TResult](Expression expression)
   在 System.Data.Entity.Internal.Linq.DbQueryProvider.Execute[TResult](Expression expression)
   在 System.Linq.Queryable.Count[TSource](IQueryable`1 source)
   在 PagedList.PagedList`1..ctor(IQueryable`1 superset, Int32 pageNumber, Int32 pageSize)
   在 PagedList.PagedListExtensions.ToPagedList[T](IQueryable`1 superset, Int32 pageNumber, Int32 pageSize)
   在 Api.Admin.Controllers.ReportController.GetPageReport(Int32 pageIndex) 位置 D:\Codes\SXD_Admin\Api\Api.Admin\Controllers\ReportController.cs:行号 84
异常时间：2020-12-15 16:34:15,753 [31] 
异常级别：ERROR 
异 常  类：logerror [(null)] 
描      述：LINQ to Entities does not recognize the method 'System.String ConvetCategory(System.Nullable`1[System.Guid])' method, and this method cannot be translated into a store expression. 
---------------------------- 
System.NotSupportedException: LINQ to Entities does not recognize the method 'System.String ConvetCategory(System.Nullable`1[System.Guid])' method, and this method cannot be translated into a store expression.
   在 System.Data.Entity.Core.Objects.ELinq.ExpressionConverter.MethodCallTranslator.DefaultTranslator.Translate(ExpressionConverter parent, MethodCallExpression call)
   在 System.Data.Entity.Core.Objects.ELinq.ExpressionConverter.MethodCallTranslator.TypedTranslate(ExpressionConverter parent, MethodCallExpression linq)
   在 System.Data.Entity.Core.Objects.ELinq.ExpressionConverter.TypedTranslator`1.Translate(ExpressionConverter parent, Expression linq)
   在 System.Data.Entity.Core.Objects.ELinq.ExpressionConverter.TranslateExpression(Expression linq)
   在 System.Data.Entity.Core.Objects.ELinq.ExpressionConverter.NewTranslator.TypedTranslate(ExpressionConverter parent, NewExpression linq)
   在 System.Data.Entity.Core.Objects.ELinq.ExpressionConverter.TypedTranslator`1.Translate(ExpressionConverter parent, Expression linq)
   在 System.Data.Entity.Core.Objects.ELinq.ExpressionConverter.TranslateExpression(Expression linq)
   在 System.Data.Entity.Core.Objects.ELinq.ExpressionConverter.TranslateLambda(LambdaExpression lambda, DbExpression input)
   在 System.Data.Entity.Core.Objects.ELinq.ExpressionConverter.TranslateLambda(LambdaExpression lambda, DbExpression input, DbExpressionBinding& binding)
   在 System.Data.Entity.Core.Objects.ELinq.ExpressionConverter.MethodCallTranslator.OneLambdaTranslator.Translate(ExpressionConverter parent, MethodCallExpression call, DbExpression& source, DbExpressionBinding& sourceBinding, DbExpression& lambda)
   在 System.Data.Entity.Core.Objects.ELinq.ExpressionConverter.MethodCallTranslator.SelectTranslator.Translate(ExpressionConverter parent, MethodCallExpression call)
   在 System.Data.Entity.Core.Objects.ELinq.ExpressionConverter.MethodCallTranslator.SequenceMethodTranslator.Translate(ExpressionConverter parent, MethodCallExpression call, SequenceMethod sequenceMethod)
   在 System.Data.Entity.Core.Objects.ELinq.ExpressionConverter.MethodCallTranslator.TypedTranslate(ExpressionConverter parent, MethodCallExpression linq)
   在 System.Data.Entity.Core.Objects.ELinq.ExpressionConverter.TypedTranslator`1.Translate(ExpressionConverter parent, Expression linq)
   在 System.Data.Entity.Core.Objects.ELinq.ExpressionConverter.TranslateExpression(Expression linq)
   在 System.Data.Entity.Core.Objects.ELinq.ExpressionConverter.MethodCallTranslator.AggregateTranslator.Translate(ExpressionConverter parent, MethodCallExpression call)
   在 System.Data.Entity.Core.Objects.ELinq.ExpressionConverter.MethodCallTranslator.SequenceMethodTranslator.Translate(ExpressionConverter parent, MethodCallExpression call, SequenceMethod sequenceMethod)
   在 System.Data.Entity.Core.Objects.ELinq.ExpressionConverter.MethodCallTranslator.TypedTranslate(ExpressionConverter parent, MethodCallExpression linq)
   在 System.Data.Entity.Core.Objects.ELinq.ExpressionConverter.TypedTranslator`1.Translate(ExpressionConverter parent, Expression linq)
   在 System.Data.Entity.Core.Objects.ELinq.ExpressionConverter.TranslateExpression(Expression linq)
   在 System.Data.Entity.Core.Objects.ELinq.ExpressionConverter.Convert()
   在 System.Data.Entity.Core.Objects.ELinq.ELinqQueryState.GetExecutionPlan(Nullable`1 forMergeOption)
   在 System.Data.Entity.Core.Objects.ObjectQuery`1.<>c__DisplayClass7.<GetResults>b__6()
   在 System.Data.Entity.Core.Objects.ObjectContext.ExecuteInTransaction[T](Func`1 func, IDbExecutionStrategy executionStrategy, Boolean startLocalTransaction, Boolean releaseConnectionOnSuccess)
   在 System.Data.Entity.Core.Objects.ObjectQuery`1.<>c__DisplayClass7.<GetResults>b__5()
   在 System.Data.Entity.SqlServer.DefaultSqlExecutionStrategy.Execute[TResult](Func`1 operation)
   在 System.Data.Entity.Core.Objects.ObjectQuery`1.GetResults(Nullable`1 forMergeOption)
   在 System.Data.Entity.Core.Objects.ObjectQuery`1.<System.Collections.Generic.IEnumerable<T>.GetEnumerator>b__0()
   在 System.Data.Entity.Internal.LazyEnumerator`1.MoveNext()
   在 System.Linq.Enumerable.Single[TSource](IEnumerable`1 source)
   在 System.Data.Entity.Core.Objects.ELinq.ObjectQueryProvider.<GetElementFunction>b__3[TResult](IEnumerable`1 sequence)
   在 System.Data.Entity.Core.Objects.ELinq.ObjectQueryProvider.ExecuteSingle[TResult](IEnumerable`1 query, Expression queryRoot)
   在 System.Data.Entity.Core.Objects.ELinq.ObjectQueryProvider.System.Linq.IQueryProvider.Execute[TResult](Expression expression)
   在 System.Data.Entity.Internal.Linq.DbQueryProvider.Execute[TResult](Expression expression)
   在 System.Linq.Queryable.Count[TSource](IQueryable`1 source)
   在 PagedList.PagedList`1..ctor(IQueryable`1 superset, Int32 pageNumber, Int32 pageSize)
   在 PagedList.PagedListExtensions.ToPagedList[T](IQueryable`1 superset, Int32 pageNumber, Int32 pageSize)
   在 Api.Admin.Controllers.ReportController.GetPageReport(Int32 pageIndex) 位置 D:\Codes\SXD_Admin\Api\Api.Admin\Controllers\ReportController.cs:行号 84
异常时间：2020-12-15 16:42:16,667 [27] 
异常级别：ERROR 
异 常  类：logerror [(null)] 
描      述：引发类型为“System.OutOfMemoryException”的异常。 
---------------------------- 
System.OutOfMemoryException: 引发类型为“System.OutOfMemoryException”的异常。
   在 System.Data.SqlClient.TdsParser.TryReadSqlValueInternal(SqlBuffer value, Byte tdsType, Int32 length, TdsParserStateObject stateObj)
   在 System.Data.SqlClient.TdsParser.TryReadSqlValue(SqlBuffer value, SqlMetaDataPriv md, Int32 length, TdsParserStateObject stateObj, SqlCommandColumnEncryptionSetting columnEncryptionOverride, String columnName)
   在 System.Data.SqlClient.SqlDataReader.TryReadColumnInternal(Int32 i, Boolean readHeaderOnly)
   在 System.Data.SqlClient.SqlDataReader.TryReadColumn(Int32 i, Boolean setTimeout, Boolean allowPartiallyReadColumn)
   在 System.Data.SqlClient.SqlDataReader.GetGuid(Int32 i)
   在 lambda_method(Closure , Shaper )
   在 System.Data.Entity.Core.Common.Internal.Materialization.Shaper.HandleEntityAppendOnly[TEntity](Func`2 constructEntityDelegate, EntityKey entityKey, EntitySet entitySet)
   在 lambda_method(Closure , Shaper )
   在 System.Data.Entity.Core.Common.Internal.Materialization.Coordinator`1.ReadNextElement(Shaper shaper)
   在 System.Data.Entity.Core.Common.Internal.Materialization.Shaper`1.SimpleEnumerator.MoveNext()
   在 System.Data.Entity.Internal.LazyEnumerator`1.MoveNext()
   在 System.Collections.Generic.List`1..ctor(IEnumerable`1 collection)
   在 System.Linq.Enumerable.ToList[TSource](IEnumerable`1 source)
   在 Api.Admin.Controllers.ReportController.GetPageReport(Int32 pageIndex) 位置 D:\Codes\SXD_Admin\Api\Api.Admin\Controllers\ReportController.cs:行号 71
