
------------------------------------------------
异常时间：2020-12-04 13:29:32,122 [7] 
异常级别：ERROR 
异 常  类：logerror [(null)] 
描      述：An error occurred accessing the database. This usually means that the connection to the database failed. Check that the connection string is correct and that the appropriate DbContext constructor is being used to specify it or find it in the application's config file. See http://go.microsoft.com/fwlink/?LinkId=386386 for information on DbContext and connections. See the inner exception for details of the failure. 
---------------------------- 
System.Data.Entity.Core.ProviderIncompatibleException: An error occurred accessing the database. This usually means that the connection to the database failed. Check that the connection string is correct and that the appropriate DbContext constructor is being used to specify it or find it in the application's config file. See http://go.microsoft.com/fwlink/?LinkId=386386 for information on DbContext and connections. See the inner exception for details of the failure. ---> System.Data.Entity.Core.ProviderIncompatibleException: The provider did not return a ProviderManifestToken string. ---> System.Data.SqlClient.SqlException: 在与 SQL Server 建立连接时出现与网络相关的或特定于实例的错误。未找到或无法访问服务器。请验证实例名称是否正确并且 SQL Server 已配置为允许远程连接。 (provider: Named Pipes Provider, error: 40 - 无法打开到 SQL Server 的连接) ---> System.ComponentModel.Win32Exception: 找不到网络路径。
   --- 内部异常堆栈跟踪的结尾 ---
   在 System.Data.SqlClient.SqlInternalConnectionTds..ctor(DbConnectionPoolIdentity identity, SqlConnectionString connectionOptions, SqlCredential credential, Object providerInfo, String newPassword, SecureString newSecurePassword, Boolean redirectedUserInstance, SqlConnectionString userConnectionOptions, SessionData reconnectSessionData, DbConnectionPool pool, String accessToken, Boolean applyTransientFaultHandling, SqlAuthenticationProviderManager sqlAuthProviderManager)
   在 System.Data.SqlClient.SqlConnectionFactory.CreateConnection(DbConnectionOptions options, DbConnectionPoolKey poolKey, Object poolGroupProviderInfo, DbConnectionPool pool, DbConnection owningConnection, DbConnectionOptions userOptions)
   在 System.Data.ProviderBase.DbConnectionFactory.CreatePooledConnection(DbConnectionPool pool, DbConnection owningObject, DbConnectionOptions options, DbConnectionPoolKey poolKey, DbConnectionOptions userOptions)
   在 System.Data.ProviderBase.DbConnectionPool.CreateObject(DbConnection owningObject, DbConnectionOptions userOptions, DbConnectionInternal oldConnection)
   在 System.Data.ProviderBase.DbConnectionPool.UserCreateRequest(DbConnection owningObject, DbConnectionOptions userOptions, DbConnectionInternal oldConnection)
   在 System.Data.ProviderBase.DbConnectionPool.TryGetConnection(DbConnection owningObject, UInt32 waitForMultipleObjectsTimeout, Boolean allowCreate, Boolean onlyOneCheckConnection, DbConnectionOptions userOptions, DbConnectionInternal& connection)
   在 System.Data.ProviderBase.DbConnectionPool.TryGetConnection(DbConnection owningObject, TaskCompletionSource`1 retry, DbConnectionOptions userOptions, DbConnectionInternal& connection)
   在 System.Data.ProviderBase.DbConnectionFactory.TryGetConnection(DbConnection owningConnection, TaskCompletionSource`1 retry, DbConnectionOptions userOptions, DbConnectionInternal oldConnection, DbConnectionInternal& connection)
   在 System.Data.ProviderBase.DbConnectionInternal.TryOpenConnectionInternal(DbConnection outerConnection, DbConnectionFactory connectionFactory, TaskCompletionSource`1 retry, DbConnectionOptions userOptions)
   在 System.Data.ProviderBase.DbConnectionClosed.TryOpenConnection(DbConnection outerConnection, DbConnectionFactory connectionFactory, TaskCompletionSource`1 retry, DbConnectionOptions userOptions)
   在 System.Data.SqlClient.SqlConnection.TryOpenInner(TaskCompletionSource`1 retry)
   在 System.Data.SqlClient.SqlConnection.TryOpen(TaskCompletionSource`1 retry)
   在 System.Data.SqlClient.SqlConnection.Open()
   在 System.Data.Entity.Infrastructure.Interception.DbConnectionDispatcher.<Open>b__38(DbConnection t, DbConnectionInterceptionContext c)
   在 System.Data.Entity.Infrastructure.Interception.InternalDispatcher`1.Dispatch[TTarget,TInterceptionContext](TTarget target, Action`2 operation, TInterceptionContext interceptionContext, Action`3 executing, Action`3 executed)
   在 System.Data.Entity.Infrastructure.Interception.DbConnectionDispatcher.Open(DbConnection connection, DbInterceptionContext interceptionContext)
   在 System.Data.Entity.SqlServer.SqlProviderServices.<>c__DisplayClass31.<UsingConnection>b__2f()
   在 System.Data.Entity.SqlServer.DefaultSqlExecutionStrategy.<>c__DisplayClass1.<Execute>b__0()
   在 System.Data.Entity.SqlServer.DefaultSqlExecutionStrategy.Execute[TResult](Func`1 operation)
   在 System.Data.Entity.SqlServer.DefaultSqlExecutionStrategy.Execute(Action operation)
   在 System.Data.Entity.SqlServer.SqlProviderServices.UsingConnection(DbConnection sqlConnection, Action`1 act)
   在 System.Data.Entity.SqlServer.SqlProviderServices.UsingMasterConnection(DbConnection sqlConnection, Action`1 act)
   在 System.Data.Entity.SqlServer.SqlProviderServices.GetDbProviderManifestToken(DbConnection connection)
   在 System.Data.Entity.Core.Common.DbProviderServices.GetProviderManifestToken(DbConnection connection)
   --- 内部异常堆栈跟踪的结尾 ---
   在 System.Data.Entity.Core.Common.DbProviderServices.GetProviderManifestToken(DbConnection connection)
   在 System.Data.Entity.Utilities.DbProviderServicesExtensions.GetProviderManifestTokenChecked(DbProviderServices providerServices, DbConnection connection)
   --- 内部异常堆栈跟踪的结尾 ---
   在 System.Data.Entity.Utilities.DbProviderServicesExtensions.GetProviderManifestTokenChecked(DbProviderServices providerServices, DbConnection connection)
   在 System.Data.Entity.Infrastructure.DefaultManifestTokenResolver.<>c__DisplayClass1.<ResolveManifestToken>b__0(Tuple`3 k)
   在 System.Collections.Concurrent.ConcurrentDictionary`2.GetOrAdd(TKey key, Func`2 valueFactory)
   在 System.Data.Entity.Infrastructure.DefaultManifestTokenResolver.ResolveManifestToken(DbConnection connection)
   在 System.Data.Entity.Utilities.DbConnectionExtensions.GetProviderInfo(DbConnection connection, DbProviderManifest& providerManifest)
   在 System.Data.Entity.DbModelBuilder.Build(DbConnection providerConnection)
   在 System.Data.Entity.Internal.LazyInternalContext.CreateModel(LazyInternalContext internalContext)
   在 System.Data.Entity.Internal.RetryLazy`2.GetValue(TInput input)
   在 System.Data.Entity.Internal.LazyInternalContext.InitializeContext()
   在 System.Data.Entity.Internal.InternalContext.GetEntitySetAndBaseTypeForType(Type entityType)
   在 System.Data.Entity.Internal.Linq.InternalSet`1.Initialize()
   在 System.Data.Entity.Internal.Linq.InternalSet`1.get_InternalContext()
   在 System.Data.Entity.Infrastructure.DbQuery`1.System.Linq.IQueryable.get_Provider()
   在 System.Linq.Queryable.OrderByDescending[TSource,TKey](IQueryable`1 source, Expression`1 keySelector)
   在 Api.Admin.Controllers.ReportController.GetPageReport(Int32 pageIndex) 位置 D:\Codes\SXD_Admin\Api\Api.Admin\Controllers\ReportController.cs:行号 64
异常时间：2020-12-04 13:43:02,606 [11] 
异常级别：ERROR 
异 常  类：logerror [(null)] 
描      述：An error occurred accessing the database. This usually means that the connection to the database failed. Check that the connection string is correct and that the appropriate DbContext constructor is being used to specify it or find it in the application's config file. See http://go.microsoft.com/fwlink/?LinkId=386386 for information on DbContext and connections. See the inner exception for details of the failure. 
---------------------------- 
System.Data.Entity.Core.ProviderIncompatibleException: An error occurred accessing the database. This usually means that the connection to the database failed. Check that the connection string is correct and that the appropriate DbContext constructor is being used to specify it or find it in the application's config file. See http://go.microsoft.com/fwlink/?LinkId=386386 for information on DbContext and connections. See the inner exception for details of the failure. ---> System.Data.Entity.Core.ProviderIncompatibleException: The provider did not return a ProviderManifestToken string. ---> System.Data.SqlClient.SqlException: 在与 SQL Server 建立连接时出现与网络相关的或特定于实例的错误。未找到或无法访问服务器。请验证实例名称是否正确并且 SQL Server 已配置为允许远程连接。 (provider: Named Pipes Provider, error: 40 - 无法打开到 SQL Server 的连接) ---> System.ComponentModel.Win32Exception: 找不到网络路径。
   --- 内部异常堆栈跟踪的结尾 ---
   在 System.Data.SqlClient.SqlInternalConnectionTds..ctor(DbConnectionPoolIdentity identity, SqlConnectionString connectionOptions, SqlCredential credential, Object providerInfo, String newPassword, SecureString newSecurePassword, Boolean redirectedUserInstance, SqlConnectionString userConnectionOptions, SessionData reconnectSessionData, DbConnectionPool pool, String accessToken, Boolean applyTransientFaultHandling, SqlAuthenticationProviderManager sqlAuthProviderManager)
   在 System.Data.SqlClient.SqlConnectionFactory.CreateConnection(DbConnectionOptions options, DbConnectionPoolKey poolKey, Object poolGroupProviderInfo, DbConnectionPool pool, DbConnection owningConnection, DbConnectionOptions userOptions)
   在 System.Data.ProviderBase.DbConnectionFactory.CreatePooledConnection(DbConnectionPool pool, DbConnection owningObject, DbConnectionOptions options, DbConnectionPoolKey poolKey, DbConnectionOptions userOptions)
   在 System.Data.ProviderBase.DbConnectionPool.CreateObject(DbConnection owningObject, DbConnectionOptions userOptions, DbConnectionInternal oldConnection)
   在 System.Data.ProviderBase.DbConnectionPool.UserCreateRequest(DbConnection owningObject, DbConnectionOptions userOptions, DbConnectionInternal oldConnection)
   在 System.Data.ProviderBase.DbConnectionPool.TryGetConnection(DbConnection owningObject, UInt32 waitForMultipleObjectsTimeout, Boolean allowCreate, Boolean onlyOneCheckConnection, DbConnectionOptions userOptions, DbConnectionInternal& connection)
   在 System.Data.ProviderBase.DbConnectionPool.TryGetConnection(DbConnection owningObject, TaskCompletionSource`1 retry, DbConnectionOptions userOptions, DbConnectionInternal& connection)
   在 System.Data.ProviderBase.DbConnectionFactory.TryGetConnection(DbConnection owningConnection, TaskCompletionSource`1 retry, DbConnectionOptions userOptions, DbConnectionInternal oldConnection, DbConnectionInternal& connection)
   在 System.Data.ProviderBase.DbConnectionInternal.TryOpenConnectionInternal(DbConnection outerConnection, DbConnectionFactory connectionFactory, TaskCompletionSource`1 retry, DbConnectionOptions userOptions)
   在 System.Data.ProviderBase.DbConnectionClosed.TryOpenConnection(DbConnection outerConnection, DbConnectionFactory connectionFactory, TaskCompletionSource`1 retry, DbConnectionOptions userOptions)
   在 System.Data.SqlClient.SqlConnection.TryOpenInner(TaskCompletionSource`1 retry)
   在 System.Data.SqlClient.SqlConnection.TryOpen(TaskCompletionSource`1 retry)
   在 System.Data.SqlClient.SqlConnection.Open()
   在 System.Data.Entity.Infrastructure.Interception.DbConnectionDispatcher.<Open>b__38(DbConnection t, DbConnectionInterceptionContext c)
   在 System.Data.Entity.Infrastructure.Interception.InternalDispatcher`1.Dispatch[TTarget,TInterceptionContext](TTarget target, Action`2 operation, TInterceptionContext interceptionContext, Action`3 executing, Action`3 executed)
   在 System.Data.Entity.Infrastructure.Interception.DbConnectionDispatcher.Open(DbConnection connection, DbInterceptionContext interceptionContext)
   在 System.Data.Entity.SqlServer.SqlProviderServices.<>c__DisplayClass31.<UsingConnection>b__2f()
   在 System.Data.Entity.SqlServer.DefaultSqlExecutionStrategy.<>c__DisplayClass1.<Execute>b__0()
   在 System.Data.Entity.SqlServer.DefaultSqlExecutionStrategy.Execute[TResult](Func`1 operation)
   在 System.Data.Entity.SqlServer.DefaultSqlExecutionStrategy.Execute(Action operation)
   在 System.Data.Entity.SqlServer.SqlProviderServices.UsingConnection(DbConnection sqlConnection, Action`1 act)
   在 System.Data.Entity.SqlServer.SqlProviderServices.UsingMasterConnection(DbConnection sqlConnection, Action`1 act)
   在 System.Data.Entity.SqlServer.SqlProviderServices.GetDbProviderManifestToken(DbConnection connection)
   在 System.Data.Entity.Core.Common.DbProviderServices.GetProviderManifestToken(DbConnection connection)
   --- 内部异常堆栈跟踪的结尾 ---
   在 System.Data.Entity.Core.Common.DbProviderServices.GetProviderManifestToken(DbConnection connection)
   在 System.Data.Entity.Utilities.DbProviderServicesExtensions.GetProviderManifestTokenChecked(DbProviderServices providerServices, DbConnection connection)
   --- 内部异常堆栈跟踪的结尾 ---
   在 System.Data.Entity.Utilities.DbProviderServicesExtensions.GetProviderManifestTokenChecked(DbProviderServices providerServices, DbConnection connection)
   在 System.Data.Entity.Infrastructure.DefaultManifestTokenResolver.<>c__DisplayClass1.<ResolveManifestToken>b__0(Tuple`3 k)
   在 System.Collections.Concurrent.ConcurrentDictionary`2.GetOrAdd(TKey key, Func`2 valueFactory)
   在 System.Data.Entity.Infrastructure.DefaultManifestTokenResolver.ResolveManifestToken(DbConnection connection)
   在 System.Data.Entity.Utilities.DbConnectionExtensions.GetProviderInfo(DbConnection connection, DbProviderManifest& providerManifest)
   在 System.Data.Entity.DbModelBuilder.Build(DbConnection providerConnection)
   在 System.Data.Entity.Internal.LazyInternalContext.CreateModel(LazyInternalContext internalContext)
   在 System.Data.Entity.Internal.RetryLazy`2.GetValue(TInput input)
   在 System.Data.Entity.Internal.LazyInternalContext.InitializeContext()
   在 System.Data.Entity.Internal.InternalContext.GetEntitySetAndBaseTypeForType(Type entityType)
   在 System.Data.Entity.Internal.Linq.InternalSet`1.Initialize()
   在 System.Data.Entity.Internal.Linq.InternalSet`1.get_InternalContext()
   在 System.Data.Entity.Infrastructure.DbQuery`1.System.Linq.IQueryable.get_Provider()
   在 System.Linq.Queryable.OrderByDescending[TSource,TKey](IQueryable`1 source, Expression`1 keySelector)
   在 Api.Admin.Controllers.ReportController.GetPageReport(Int32 pageIndex) 位置 D:\Codes\SXD_Admin\Api\Api.Admin\Controllers\ReportController.cs:行号 63
