异常时间：2021-02-08 11:10:15,978 [7] 
异常级别：ERROR 
异 常  类：logerror [(null)] 
描      述：输入字符串的格式不正确。 
---------------------------- 
System.FormatException: 输入字符串的格式不正确。
   在 System.Number.StringToNumber(String str, NumberStyles options, NumberBuffer& number, NumberFormatInfo info, Boolean parseDecimal)
   在 System.Number.ParseInt32(String s, NumberStyles style, NumberFormatInfo info)
   在 System.Convert.ToInt32(String value)
   在 Api.Common.Helper.ConvertInt32(String value) 位置 D:\Codes\SXD_Admin\Api\Api.Common\Helper.cs:行号 276
   在 Api.Admin.Controllers.ReportController.CreateReport(HttpContext context) 位置 D:\Codes\SXD_Admin\Api\Api.Admin\Controllers\ReportController.cs:行号 191
   在 Api.Admin.Controllers.ReportController.SaveReport() 位置 D:\Codes\SXD_Admin\Api\Api.Admin\Controllers\ReportController.cs:行号 159
异常时间：2021-02-08 11:20:35,325 [7] 
异常级别：ERROR 
异 常  类：logerror [(null)] 
描      述：输入字符串的格式不正确。 
---------------------------- 
System.FormatException: 输入字符串的格式不正确。
   在 System.Number.StringToNumber(String str, NumberStyles options, NumberBuffer& number, NumberFormatInfo info, Boolean parseDecimal)
   在 System.Number.ParseInt32(String s, NumberStyles style, NumberFormatInfo info)
   在 System.Convert.ToInt32(String value)
   在 Api.Common.Helper.ConvertInt32(String value) 位置 D:\Codes\SXD_Admin\Api\Api.Common\Helper.cs:行号 276
   在 Api.Admin.Controllers.ReportController.CreateReport(HttpContext context) 位置 D:\Codes\SXD_Admin\Api\Api.Admin\Controllers\ReportController.cs:行号 225
   在 Api.Admin.Controllers.ReportController.SaveReport() 位置 D:\Codes\SXD_Admin\Api\Api.Admin\Controllers\ReportController.cs:行号 159
异常时间：2021-02-08 11:26:18,678 [12] 
异常级别：ERROR 
异 常  类：logerror [(null)] 
描      述：输入字符串的格式不正确。 
---------------------------- 
System.FormatException: 输入字符串的格式不正确。
   在 System.Number.StringToNumber(String str, NumberStyles options, NumberBuffer& number, NumberFormatInfo info, Boolean parseDecimal)
   在 System.Number.ParseInt32(String s, NumberStyles style, NumberFormatInfo info)
   在 System.Convert.ToInt32(String value)
   在 Api.Common.Helper.ConvertInt32(String value) 位置 D:\Codes\SXD_Admin\Api\Api.Common\Helper.cs:行号 276
   在 Api.Admin.Controllers.ReportController.CreateReport(HttpContext context) 位置 D:\Codes\SXD_Admin\Api\Api.Admin\Controllers\ReportController.cs:行号 225
   在 Api.Admin.Controllers.ReportController.SaveReport() 位置 D:\Codes\SXD_Admin\Api\Api.Admin\Controllers\ReportController.cs:行号 159
异常时间：2021-02-08 13:35:23,410 [10] 
异常级别：ERROR 
异 常  类：logerror [(null)] 
描      述：输入字符串的格式不正确。 
---------------------------- 
System.FormatException: 输入字符串的格式不正确。
   在 System.Number.StringToNumber(String str, NumberStyles options, NumberBuffer& number, NumberFormatInfo info, Boolean parseDecimal)
   在 System.Number.ParseInt32(String s, NumberStyles style, NumberFormatInfo info)
   在 System.Convert.ToInt32(String value)
   在 Api.Common.Helper.ConvertInt32(String value) 位置 D:\Codes\SXD_Admin\Api\Api.Common\Helper.cs:行号 276
   在 Api.Admin.Controllers.ReportController.CreateReport(HttpContext context) 位置 D:\Codes\SXD_Admin\Api\Api.Admin\Controllers\ReportController.cs:行号 225
   在 Api.Admin.Controllers.ReportController.SaveReport() 位置 D:\Codes\SXD_Admin\Api\Api.Admin\Controllers\ReportController.cs:行号 159
异常时间：2021-02-08 15:13:27,438 [45] 
异常级别：ERROR 
异 常  类：logerror [(null)] 
描      述：The 'zdgzfl' property on 'Report' could not be set to a 'System.String' value. You must set this property to a non-null value of type 'System.Int32'.  
---------------------------- 
System.InvalidOperationException: The 'zdgzfl' property on 'Report' could not be set to a 'System.String' value. You must set this property to a non-null value of type 'System.Int32'. 
   在 System.Data.Entity.Core.Common.Internal.Materialization.Shaper.ErrorHandlingValueReader`1.GetValue(DbDataReader reader, Int32 ordinal)
   在 lambda_method(Closure , Shaper )
   在 System.Data.Entity.Core.Common.Internal.Materialization.Shaper.HandleEntityAppendOnly[TEntity](Func`2 constructEntityDelegate, EntityKey entityKey, EntitySet entitySet)
   在 lambda_method(Closure , Shaper )
   在 System.Data.Entity.Core.Common.Internal.Materialization.Coordinator`1.ReadNextElement(Shaper shaper)
   在 System.Data.Entity.Core.Common.Internal.Materialization.Shaper`1.SimpleEnumerator.MoveNext()
   在 System.Data.Entity.Internal.LazyEnumerator`1.MoveNext()
   在 System.Linq.Enumerable.<JoinIterator>d__38`4.MoveNext()
   在 System.Linq.Enumerable.<JoinIterator>d__38`4.MoveNext()
   在 System.Linq.Enumerable.WhereEnumerableIterator`1.MoveNext()
   在 System.Linq.Buffer`1..ctor(IEnumerable`1 source)
   在 System.Linq.OrderedEnumerable`1.<GetEnumerator>d__1.MoveNext()
   在 System.Linq.Enumerable.WhereSelectEnumerableIterator`2.MoveNext()
   在 System.Linq.Enumerable.<SkipIterator>d__31`1.MoveNext()
   在 System.Linq.Enumerable.<TakeIterator>d__25`1.MoveNext()
   在 System.Collections.Generic.List`1..ctor(IEnumerable`1 collection)
   在 System.Linq.Enumerable.ToList[TSource](IEnumerable`1 source)
   在 Api.Admin.Controllers.ReportController.GetPageReport(Int32 pageIndex, String title, String category) 位置 D:\Codes\SXD_Admin\Api\Api.Admin\Controllers\ReportController.cs:行号 48
